[05:49:42] [ServerMain/INFO]: [bootstrap] Running Java 21 (OpenJDK 64-Bit Server VM 21.0.5+11-Ubuntu-1ubuntu120.04; Ubuntu null) on Linux 6.5.0-1025-azure (amd64)
[05:49:42] [ServerMain/INFO]: [bootstrap] Loading Paper 1.21-130-master@b1b5d4c (2024-08-10T10:02:42Z) for Minecraft 1.21
[05:49:42] [ServerMain/INFO]: [PluginInitializerManager] Initializing plugins...
[05:49:43] [ServerMain/INFO]: [PluginInitializerManager] Initialized 8 plugins
[05:49:43] [ServerMain/INFO]: [PluginInitializerManager] Bukkit plugins (8):
 - AngelChest (13.9.0), Essentials (2.20.1), LuckPerms (5.4.146), PlaceholderAPI (2.11.6), SkinsRestorer (15.4.4), TAB (5.0.1), TreeCapitator (1.0), Vault (1.7.3-b131)
[05:49:51] [ServerMain/INFO]: Environment: Environment[sessionHost=https://sessionserver.mojang.com, servicesHost=https://api.minecraftservices.com, name=PROD]
[05:49:55] [ServerMain/INFO]: Loaded 1290 recipes
[05:49:55] [ServerMain/INFO]: Loaded 1399 advancements
[05:49:56] [Server thread/INFO]: Starting minecraft server version 1.21
[05:49:56] [Server thread/INFO]: Loading properties
[05:49:56] [Server thread/INFO]: This server is running Paper version 1.21-130-master@b1b5d4c (2024-08-10T10:02:42Z) (Implementing API version 1.21-R0.1-SNAPSHOT)
[05:49:57] [Server thread/INFO]: [spark] This server bundles the spark profiler. For more information please visit https://docs.papermc.io/paper/profiling
[05:49:57] [Server thread/INFO]: Server Ping Player Sample Count: 12
[05:49:57] [Server thread/INFO]: Using 4 threads for Netty based IO
[05:49:58] [Server thread/INFO]: [ChunkTaskScheduler] Chunk system is using 1 I/O threads, 1 worker threads, and population gen parallelism of 1 threads
[05:49:59] [Server thread/INFO]: Default game type: SURVIVAL
[05:49:59] [Server thread/INFO]: Generating keypair
[05:49:59] [Server thread/INFO]: Starting Minecraft server on *:25565
[05:49:59] [Server thread/INFO]: Using epoll channel type
[05:49:59] [Server thread/INFO]: Paper: Using libdeflate (Linux x86_64) compression from Velocity.
[05:49:59] [Server thread/INFO]: Paper: Using OpenSSL 1.1.x (Linux x86_64) cipher from Velocity.
[05:50:00] [Server thread/WARN]: [org.bukkit.craftbukkit.legacy.CraftLegacy] Initializing Legacy Material Support. Unless you have legacy plugins and/or data this is a bug!
[05:50:11] [Server thread/WARN]: Legacy plugin TreeCapitator v1.0 does not specify an api-version.
[05:50:11] [Server thread/INFO]: [LuckPerms] Loading server plugin LuckPerms v5.4.146
[05:50:11] [Server thread/INFO]: [Vault] Loading server plugin Vault v1.7.3-b131
[05:50:11] [Server thread/INFO]: [PlaceholderAPI] Loading server plugin PlaceholderAPI v2.11.6
[05:50:11] [Server thread/INFO]: [AngelChest] Loading server plugin AngelChest v13.9.0
[05:50:11] [Server thread/INFO]: [Essentials] Loading server plugin Essentials v2.20.1
[05:50:11] [Server thread/INFO]: [TAB] Loading server plugin TAB v5.0.1
[05:50:11] [Server thread/INFO]: [SkinsRestorer] Loading server plugin SkinsRestorer v15.4.4
[05:50:11] [Server thread/INFO]: [TreeCapitator] Loading server plugin TreeCapitator v1.0
[05:50:11] [Server thread/INFO]: Server permissions file permissions.yml is empty, ignoring it
[05:50:11] [Server thread/INFO]: [LuckPerms] Enabling LuckPerms v5.4.146
[05:50:12] [Server thread/INFO]:         __    
[05:50:12] [Server thread/INFO]:   |    |__)   LuckPerms v5.4.146
[05:50:12] [Server thread/INFO]:   |___ |      Running on Bukkit - Paper
[05:50:12] [Server thread/INFO]: 
[05:50:12] [Server thread/INFO]: [LuckPerms] Loading configuration...
[05:50:12] [Server thread/INFO]: [LuckPerms] Loading storage provider... [H2]
[05:50:13] [Server thread/INFO]: [LuckPerms] Loading internal permission managers...
[05:50:13] [Server thread/INFO]: [LuckPerms] Performing initial data load...
[05:50:13] [Server thread/INFO]: [LuckPerms] Successfully enabled. (took 1908ms)
[05:50:13] [Server thread/INFO]: [Vault] Enabling Vault v1.7.3-b131
[05:50:13] [Server thread/INFO]: [Vault] [Economy] Essentials Economy found: Waiting
[05:50:14] [Server thread/INFO]: [Vault] [Permission] SuperPermissions loaded as backup permission system.
[05:50:14] [Server thread/INFO]: [Vault] Enabled Version 1.7.3-b131
[05:50:14] [Server thread/INFO]: [LuckPerms] Registered Vault permission & chat hook.
[05:50:14] [Server thread/INFO]: [SkinsRestorer] Enabling SkinsRestorer v15.4.4
[05:50:16] [Server thread/WARN]: [SkinsRestorer] You must agree to the rules at 'commands.perSkinPermissionsConsent' in the config to use per skin permissions.
[05:50:16] [Server thread/INFO]: [SkinsRestorer] Running on Minecraft 1.21.0.
[05:50:18] [Server thread/INFO]: [SkinsRestorer] Using paper join listener!
[05:50:18] [Server thread/INFO]: [PlaceholderAPI] Successfully registered internal expansion: skinsrestorer [15.4.4]
[05:50:18] [Server thread/INFO]: [SkinsRestorer] PlaceholderAPI expansion registered!
[05:50:18] [Server thread/WARN]: **** SERVER IS RUNNING IN OFFLINE/INSECURE MODE!
[05:50:18] [Server thread/WARN]: The server will make no attempt to authenticate usernames. Beware.
[05:50:18] [Server thread/WARN]: While this makes the game possible to play without internet access, it also opens up the ability for hackers to connect with any username they choose.
[05:50:18] [Server thread/WARN]: To change this, set "online-mode" to "true" in the server.properties file.
[05:50:18] [Server thread/INFO]: Preparing level "world"
[05:50:18] [Folia Async Scheduler Thread #1/INFO]: [SkinsRestorer] ----------------------------------------------
[05:50:18] [Folia Async Scheduler Thread #1/INFO]: [SkinsRestorer]     +==================+
[05:50:18] [Folia Async Scheduler Thread #1/INFO]: [SkinsRestorer]     |   SkinsRestorer  |
[05:50:18] [Folia Async Scheduler Thread #1/INFO]: [SkinsRestorer]     |------------------|
[05:50:18] [Folia Async Scheduler Thread #1/INFO]: [SkinsRestorer]     |  Standalone Mode |
[05:50:18] [Folia Async Scheduler Thread #1/INFO]: [SkinsRestorer]     +==================+
[05:50:18] [Folia Async Scheduler Thread #1/INFO]: [SkinsRestorer] ----------------------------------------------
[05:50:18] [Folia Async Scheduler Thread #1/INFO]: [SkinsRestorer]     Version: 15.4.4
[05:50:18] [Folia Async Scheduler Thread #1/INFO]: [SkinsRestorer]     Commit: dc501c7
[05:50:18] [Folia Async Scheduler Thread #1/INFO]: [SkinsRestorer]     This is the latest version!
[05:50:18] [Folia Async Scheduler Thread #1/INFO]: [SkinsRestorer] ----------------------------------------------
[05:50:18] [Folia Async Scheduler Thread #1/INFO]: [SkinsRestorer] Do you have issues? Read our troubleshooting guide: https://skinsrestorer.net/docs/troubleshooting
[05:50:18] [Folia Async Scheduler Thread #1/INFO]: [SkinsRestorer] Want to support SkinsRestorer? Consider donating: https://skinsrestorer.net/donate
[05:50:19] [Server thread/INFO]: Preparing start region for dimension minecraft:overworld
[05:50:21] [Server thread/INFO]: Time elapsed: 2220 ms
[05:50:21] [Server thread/INFO]: Preparing start region for dimension minecraft:the_nether
[05:50:22] [Server thread/INFO]: Time elapsed: 304 ms
[05:50:22] [Server thread/INFO]: Preparing start region for dimension minecraft:the_end
[05:50:22] [Server thread/INFO]: Time elapsed: 166 ms
[05:50:22] [Server thread/INFO]: [PlaceholderAPI] Enabling PlaceholderAPI v2.11.6
[05:50:23] [Server thread/INFO]: [PlaceholderAPI] Fetching available expansion information...
[05:50:23] [Server thread/INFO]: [AngelChest] Enabling AngelChest v13.9.0
[05:50:23] [Server thread/INFO]: [AngelChest] groups.yml does not exist, skipping custom group settings.
[05:50:23] [Server thread/INFO]: [AngelChest] blacklist.yml does not exist, disabling item blacklist.
[05:50:23] [Server thread/INFO]: [AngelChest] Not using premium version, disabling Graveyards feature
[05:50:24] [Server thread/WARN]: [AngelChest] Could not add usage/description to command acopen
[05:50:24] [Server thread/INFO]: [PlaceholderAPI] Successfully registered internal expansion: angelchest [GENERIC]
[05:50:24] [Server thread/INFO]: [AngelChest] Successfully hooked into Vault and the EconomyProvider, enabling economy functions.
[05:50:24] [Server thread/INFO]: [AngelChest] [ACF] Enabled Asynchronous Tab Completion Support!
[05:50:24] [Server thread/INFO]: [AngelChest] Successfully enabled AngelChest v13.9.0 (Premium: false)
[05:50:24] [Server thread/INFO]: [Essentials] Enabling Essentials v2.20.1
[05:50:24] [Server thread/ERROR]: [Essentials] You are running an unsupported server version!
[05:50:26] [Server thread/INFO]: [Essentials] Attempting to convert old kits in config.yml to new kits.yml
[05:50:26] [Server thread/INFO]: [Essentials] No kits found to migrate.
[05:50:26] [Server thread/INFO]: [Essentials] Loaded 39094 items from items.json.
[05:50:26] [Server thread/INFO]: [Essentials] Using locale en
[05:50:27] [Server thread/INFO]: [Essentials] ServerListPingEvent: Spigot iterator API
[05:50:27] [Server thread/INFO]: [Essentials] Starting Metrics. Opt-out using the global bStats config.
[05:50:27] [Server thread/INFO]: [Vault] [Economy] Essentials Economy hooked.
[05:50:27] [Server thread/INFO]: [Essentials] Using Vault based permissions (LuckPerms)
[05:50:27] [Server thread/INFO]: [TAB] Enabling TAB v5.0.1
[05:50:27] [Server thread/INFO]: [TAB] Loaded NMS hook in 101ms
[05:50:29] [Server thread/INFO]: [TAB] Enabled in 1775ms
[05:50:29] [Server thread/INFO]: [TreeCapitator] Enabling TreeCapitator v1.0*
[05:50:30] [Server thread/INFO]: [spark] Starting background profiler...
[05:50:30] [Server thread/INFO]: [PlaceholderAPI] Placeholder expansion registration initializing...
[05:50:30] [Server thread/INFO]: Done preparing level "world" (12.162s)
[05:50:30] [Server thread/INFO]: Running delayed init tasks
[05:50:30] [Server thread/INFO]: [Essentials] Essentials found a compatible payment resolution method: Vault Compatibility Layer (v1.7.3-b131)!
[05:50:30] [Server thread/INFO]: Done (49.959s)! For help, type "help"
[05:50:30] [Server thread/INFO]: Timings Reset
[05:50:31] [Craft Scheduler Thread - 6 - Essentials/INFO]: [Essentials] Fetching version information...
[05:50:31] [Craft Scheduler Thread - 7 - Vault/INFO]: [Vault] Checking for Updates ... 
[05:50:31] [Server thread/INFO]: [PlaceholderAPI] Successfully registered external expansion: statistic [2.0.1]
[05:50:31] [Server thread/INFO]: 1 placeholder hook(s) registered!
[05:50:31] [Craft Scheduler Thread - 7 - Vault/INFO]: [Vault] No new version available
[05:50:33] [Server thread/INFO]: [AngelChest] ========================================================
[05:50:33] [Server thread/INFO]: [AngelChest] You are using the free version of AngelChest. There is
[05:50:33] [Server thread/INFO]: [AngelChest] also a premium version available, called AngelChestPlus.
[05:50:33] [Server thread/INFO]: [AngelChest] It includes TONS of new features and exclusive Discord
[05:50:33] [Server thread/INFO]: [AngelChest] support. The free version will still receive bugfixes,
[05:50:33] [Server thread/INFO]: [AngelChest] but there won't be ANY new features!
[05:50:33] [Server thread/INFO]: [AngelChest] If you like AngelChest, you will LOVE AngelChestPlus, so
[05:50:33] [Server thread/INFO]: [AngelChest] please consider upgrading! Thank you for using AngelChest.
[05:50:33] [Server thread/INFO]: [AngelChest] 
[05:50:33] [Server thread/INFO]: [AngelChest] https://www.spigotmc.org/resources/88214
[05:50:33] [Server thread/INFO]: [AngelChest] ========================================================
[05:50:44] [User Authenticator #0/INFO]: UUID of player Strande_ is 19c09800-4cec-3c93-99a0-4841cc10b8b7
[05:50:46] [TAB Processing Thread/INFO]: [TAB] [WARN] Player Strande_'s group (tilines) is not in sorting list! Sorting list: owner,admin,mod,helper,builder,vip,default. Player will be sorted on the bottom.
[05:50:46] [Server thread/INFO]: Strande_ joined the game
[05:50:46] [Server thread/INFO]: Strande_[/127.200.126.4:54455] logged in with entity id 26 at ([world]-1672.7996479354392, 67.0, -1259.773952595914)
[05:51:19] [Paper Common Worker #0/WARN]: Empty height range: [-55 absolute--60 absolute]
[05:51:19] [Paper Common Worker #0/WARN]: Empty height range: [-55 absolute--60 absolute]
[05:51:19] [Paper Common Worker #0/WARN]: Empty height range: [-55 absolute--60 absolute]
[05:51:24] [User Authenticator #0/INFO]: UUID of player fabrizio123 is c04600ef-ca80-3181-a4c4-0a327d0c948f
[05:51:25] [Server thread/INFO]: fabrizio123 joined the game
[05:51:25] [TAB Processing Thread/INFO]: [TAB] [WARN] Player fabrizio123's group (tilines) is not in sorting list! Sorting list: owner,admin,mod,helper,builder,vip,default. Player will be sorted on the bottom.
[05:51:25] [Server thread/INFO]: fabrizio123[/127.109.34.235:39529] logged in with entity id 281 at ([world_nether]558.2089955641568, 95.0, 262.18230442967155)
[05:56:37] [Server thread/INFO]: Strande_ lost connection: Disconnected
[05:56:37] [Server thread/INFO]: Strande_ left the game
[05:56:41] [User Authenticator #1/INFO]: UUID of player Strande_ is 19c09800-4cec-3c93-99a0-4841cc10b8b7
[05:56:42] [Server thread/INFO]: Strande_ joined the game
[05:56:42] [Server thread/INFO]: Strande_[/127.200.126.4:39403] logged in with entity id 3291 at ([world]-1662.9021024333538, 74.0, -1249.7346824375247)
[05:56:42] [TAB Processing Thread/INFO]: [TAB] [WARN] Player Strande_'s group (tilines) is not in sorting list! Sorting list: owner,admin,mod,helper,builder,vip,default. Player will be sorted on the bottom.
[05:58:38] [Server thread/INFO]: fabrizio123 issued server command: /home base 1
